<?xml version="1.0" encoding="UTF-8" ?>
<testsuite tests="6" failures="0" name="org.example.article.ArticleTest" time="0.022" errors="0" skipped="0">
  <properties>
[...]
</properties>
  <testcase classname="org.example.article.ArticleTest" name="equals_shouldReturnTrueForSameReference" time="0.006"/>
  <testcase classname="org.example.article.ArticleTest" name="isArticleBetweenPrices_shouldReturnTrueWhenPriceInRange" time="0"/>
  <testcase classname="org.example.article.ArticleTest" name="toString_shouldReturnFormattedString" time="0.015"/>
  <testcase classname="org.example.article.ArticleTest" name="isArticleBetweenPrices_shouldReturnFalseWhenPriceAboveRange" time="0"/>
  <testcase classname="org.example.article.ArticleTest" name="equals_shouldReturnFalseForDifferentReferences" time="0"/>
  <testcase classname="org.example.article.ArticleTest" name="isArticleBetweenPrices_shouldReturnFalseWhenPriceBelowRange" time="0.001"/>
</testsuite>